\BOOKMARK [0][-]{chapter*.2}{Contents}{}% 1
\BOOKMARK [0][-]{chapter*.2}{Todo list}{}% 2
\BOOKMARK [0][-]{chapter*.4}{Acknowledgements}{}% 3
\BOOKMARK [0][-]{chapter*.6}{Executive Summary}{}% 4
\BOOKMARK [0][-]{chapter.1}{Introduction and Preliminary Research}{}% 5
\BOOKMARK [1][-]{section.1.1}{Project brief}{chapter.1}% 6
\BOOKMARK [1][-]{section.1.2}{Art review}{chapter.1}% 7
\BOOKMARK [2][-]{subsection.1.2.1}{Sand art}{section.1.2}% 8
\BOOKMARK [1][-]{section.1.3}{History of robotics}{chapter.1}% 9
\BOOKMARK [2][-]{subsection.1.3.1}{Sand-drawing robots}{section.1.3}% 10
\BOOKMARK [1][-]{section.1.4}{Robotics in education}{chapter.1}% 11
\BOOKMARK [0][-]{chapter.2}{Design Outline}{}% 12
\BOOKMARK [1][-]{section.2.1}{Aims and motivations}{chapter.2}% 13
\BOOKMARK [1][-]{section.2.2}{Movement}{chapter.2}% 14
\BOOKMARK [1][-]{section.2.3}{Digging mechanism}{chapter.2}% 15
\BOOKMARK [1][-]{section.2.4}{Interface}{chapter.2}% 16
\BOOKMARK [1][-]{section.2.5}{Guidance}{chapter.2}% 17
\BOOKMARK [2][-]{subsection.2.5.1}{Ultrasound}{section.2.5}% 18
\BOOKMARK [2][-]{subsection.2.5.2}{Laser}{section.2.5}% 19
\BOOKMARK [2][-]{subsection.2.5.3}{GPS}{section.2.5}% 20
\BOOKMARK [1][-]{section.2.6}{Construction materials}{chapter.2}% 21
\BOOKMARK [1][-]{section.2.7}{Electronics platform}{chapter.2}% 22
\BOOKMARK [1][-]{section.2.8}{Summary and decisions}{chapter.2}% 23
\BOOKMARK [2][-]{subsection.2.8.1}{Outline specification}{section.2.8}% 24
\BOOKMARK [0][-]{chapter.3}{Design Specification}{}% 25
\BOOKMARK [1][-]{section.3.1}{Robot design and hardware}{chapter.3}% 26
\BOOKMARK [1][-]{section.3.2}{Electronics and control systems}{chapter.3}% 27
\BOOKMARK [1][-]{section.3.3}{Software and user interface}{chapter.3}% 28
\BOOKMARK [1][-]{section.3.4}{Other considerations}{chapter.3}% 29
\BOOKMARK [0][-]{chapter.4}{Summary}{}% 30
\BOOKMARK [1][-]{section.4.1}{Background and objectives}{chapter.4}% 31
\BOOKMARK [0][-]{chapter*.39}{References}{}% 32
\BOOKMARK [0][-]{section*.40}{Glossary}{}% 33
\BOOKMARK [0][-]{appendix.A}{Board Meeting Minutes}{}% 34
\BOOKMARK [0][-]{appendix.B}{The SandE Group}{}% 35
