This is pdfTeX, Version 3.14159265-2.6-1.40.16 (TeX Live 2015) (preloaded format=pdflatex 2015.11.10)  2 FEB 2016 21:00
entering extended mode
 restricted \write18 enabled.
 file:line:error style messages enabled.
 %&-line parsing enabled.
**main.tex
(./main.tex
LaTeX2e <2015/01/01>
Babel <3.9l> and hyphenation patterns for 79 languages loaded.
(/usr/local/texlive/2015/texmf-dist/tex/latex/base/report.cls
Document Class: report 2014/09/29 v1.4h Standard LaTeX document class
(/usr/local/texlive/2015/texmf-dist/tex/latex/base/size11.clo
File: size11.clo 2014/09/29 v1.4h Standard LaTeX file (size option)
)
\c@part=\count79
\c@chapter=\count80
\c@section=\count81
\c@subsection=\count82
\c@subsubsection=\count83
\c@paragraph=\count84
\c@subparagraph=\count85
\c@figure=\count86
\c@table=\count87
\abovecaptionskip=\skip41
\belowcaptionskip=\skip42
\bibindent=\dimen102
) (./groupproject.sty
Package: groupproject 
 (/usr/local/texlive/2015/texmf-dist/tex/latex/base/fontenc.sty
Package: fontenc 2005/09/27 v1.99g Standard LaTeX package
 (/usr/local/texlive/2015/texmf-dist/tex/latex/base/t1enc.def
File: t1enc.def 2005/09/27 v1.99g Standard LaTeX file
LaTeX Font Info:    Redeclaring font encoding T1 on input line 48.
)) (/usr/local/texlive/2015/texmf-dist/tex/latex/hyperref/hyperref.sty
Package: hyperref 2012/11/06 v6.83m Hypertext links for LaTeX
 (/usr/local/texlive/2015/texmf-dist/tex/generic/oberdiek/hobsub-hyperref.sty
Package: hobsub-hyperref 2012/05/28 v1.13 Bundle oberdiek, subset hyperref (HO)
 (/usr/local/texlive/2015/texmf-dist/tex/generic/oberdiek/hobsub-generic.sty
Package: hobsub-generic 2012/05/28 v1.13 Bundle oberdiek, subset generic (HO)
Package: hobsub 2012/05/28 v1.13 Construct package bundles (HO)
Package: infwarerr 2010/04/08 v1.3 Providing info/warning/error messages (HO)
Package: ltxcmds 2011/11/09 v1.22 LaTeX kernel commands for general use (HO)
Package: ifluatex 2010/03/01 v1.3 Provides the ifluatex switch (HO)
Package ifluatex Info: LuaTeX not detected.
Package: ifvtex 2010/03/01 v1.5 Detect VTeX and its facilities (HO)
Package ifvtex Info: VTeX not detected.
Package: intcalc 2007/09/27 v1.1 Expandable calculations with integers (HO)
Package: ifpdf 2011/01/30 v2.3 Provides the ifpdf switch (HO)
Package ifpdf Info: pdfTeX in PDF mode is detected.
Package: etexcmds 2011/02/16 v1.5 Avoid name clashes with e-TeX commands (HO)
Package etexcmds Info: Could not find \expanded.
(etexcmds)             That can mean that you are not using pdfTeX 1.50 or
(etexcmds)             that some package has redefined \expanded.
(etexcmds)             In the latter case, load this package earlier.
Package: kvsetkeys 2012/04/25 v1.16 Key value parser (HO)
Package: kvdefinekeys 2011/04/07 v1.3 Define keys (HO)
Package: pdftexcmds 2011/11/29 v0.20 Utility functions of pdfTeX for LuaTeX (HO)
Package pdftexcmds Info: LuaTeX not detected.
Package pdftexcmds Info: \pdf@primitive is available.
Package pdftexcmds Info: \pdf@ifprimitive is available.
Package pdftexcmds Info: \pdfdraftmode found.
Package: pdfescape 2011/11/25 v1.13 Implements pdfTeX's escape features (HO)
Package: bigintcalc 2012/04/08 v1.3 Expandable calculations on big integers (HO)
Package: bitset 2011/01/30 v1.1 Handle bit-vector datatype (HO)
Package: uniquecounter 2011/01/30 v1.2 Provide unlimited unique counter (HO)
)
Package hobsub Info: Skipping package `hobsub' (already loaded).
Package: letltxmacro 2010/09/02 v1.4 Let assignment for LaTeX macros (HO)
Package: hopatch 2012/05/28 v1.2 Wrapper for package hooks (HO)
Package: xcolor-patch 2011/01/30 xcolor patch
Package: atveryend 2011/06/30 v1.8 Hooks at the very end of document (HO)
Package atveryend Info: \enddocument detected (standard20110627).
Package: atbegshi 2011/10/05 v1.16 At begin shipout hook (HO)
Package: refcount 2011/10/16 v3.4 Data extraction from label references (HO)
Package: hycolor 2011/01/30 v1.7 Color options for hyperref/bookmark (HO)
) (/usr/local/texlive/2015/texmf-dist/tex/latex/graphics/keyval.sty
Package: keyval 2014/10/28 v1.15 key=value parser (DPC)
\KV@toks@=\toks14
) (/usr/local/texlive/2015/texmf-dist/tex/generic/ifxetex/ifxetex.sty
Package: ifxetex 2010/09/12 v0.6 Provides ifxetex conditional
) (/usr/local/texlive/2015/texmf-dist/tex/latex/oberdiek/auxhook.sty
Package: auxhook 2011/03/04 v1.3 Hooks for auxiliary files (HO)
) (/usr/local/texlive/2015/texmf-dist/tex/latex/oberdiek/kvoptions.sty
Package: kvoptions 2011/06/30 v3.11 Key value format for package options (HO)
)
\@linkdim=\dimen103
\Hy@linkcounter=\count88
\Hy@pagecounter=\count89
 (/usr/local/texlive/2015/texmf-dist/tex/latex/hyperref/pd1enc.def
File: pd1enc.def 2012/11/06 v6.83m Hyperref: PDFDocEncoding definition (HO)
)
\Hy@SavedSpaceFactor=\count90
 (/usr/local/texlive/2015/texmf-dist/tex/latex/latexconfig/hyperref.cfg
File: hyperref.cfg 2002/06/06 v1.2 hyperref configuration of TeXLive
)
Package hyperref Info: Hyper figures OFF on input line 4443.
Package hyperref Info: Link nesting OFF on input line 4448.
Package hyperref Info: Hyper index ON on input line 4451.
Package hyperref Info: Plain pages OFF on input line 4458.
Package hyperref Info: Backreferencing OFF on input line 4463.
Package hyperref Info: Implicit mode ON; LaTeX internals redefined.
Package hyperref Info: Bookmarks ON on input line 4688.
\c@Hy@tempcnt=\count91
 (/usr/local/texlive/2015/texmf-dist/tex/latex/url/url.sty
\Urlmuskip=\muskip10
Package: url 2013/09/16  ver 3.4  Verb mode for urls, etc.
)
LaTeX Info: Redefining \url on input line 5041.
\XeTeXLinkMargin=\dimen104
\Fld@menulength=\count92
\Field@Width=\dimen105
\Fld@charsize=\dimen106
Package hyperref Info: Hyper figures OFF on input line 6295.
Package hyperref Info: Link nesting OFF on input line 6300.
Package hyperref Info: Hyper index ON on input line 6303.
Package hyperref Info: backreferencing OFF on input line 6310.
Package hyperref Info: Link coloring OFF on input line 6315.
Package hyperref Info: Link coloring with OCG OFF on input line 6320.
Package hyperref Info: PDF/A mode OFF on input line 6325.
LaTeX Info: Redefining \ref on input line 6365.
LaTeX Info: Redefining \pageref on input line 6369.
\Hy@abspage=\count93
\c@Item=\count94
\c@Hfootnote=\count95
)

Package hyperref Message: Driver (autodetected): hpdftex.

(/usr/local/texlive/2015/texmf-dist/tex/latex/hyperref/hpdftex.def
File: hpdftex.def 2012/11/06 v6.83m Hyperref driver for pdfTeX
\Fld@listcount=\count96
\c@bookmark@seq@number=\count97
 (/usr/local/texlive/2015/texmf-dist/tex/latex/oberdiek/rerunfilecheck.sty
Package: rerunfilecheck 2011/04/15 v1.7 Rerun checks for auxiliary files (HO)
Package uniquecounter Info: New unique counter `rerunfilecheck' on input line 282.
)
\Hy@SectionHShift=\skip43
) (/usr/local/texlive/2015/texmf-dist/tex/latex/siunitx/siunitx.sty (/usr/local/texlive/2015/texmf-dist/tex/latex/l3kernel/expl3.sty
Package: expl3 2015/03/01 v5547 L3 programming layer (loader) 
 (/usr/local/texlive/2015/texmf-dist/tex/latex/l3kernel/expl3-code.tex
Package: expl3 2015/03/01 v5547 L3 programming layer (code) 
L3 Module: l3bootstrap 2015/02/28 v5542 L3 Bootstrap code
L3 Module: l3names 2015/02/24 v5535 L3 Namespace for primitives
L3 Module: l3basics 2015/01/27 v5500 L3 Basic definitions
L3 Module: l3expan 2014/11/27 v5472 L3 Argument expansion
L3 Module: l3tl 2015/01/27 v5500 L3 Token lists
L3 Module: l3str 2015/03/01 v5545 L3 Strings
L3 Module: l3seq 2014/08/23 v5354 L3 Sequences and stacks
L3 Module: l3int 2015/02/21 v5529 L3 Integers
\c_max_int=\count98
\l_tmpa_int=\count99
\l_tmpb_int=\count100
\g_tmpa_int=\count101
\g_tmpb_int=\count102
L3 Module: l3quark 2014/08/23 v5354 L3 Quarks
L3 Module: l3prg 2014/08/23 v5354 L3 Control structures
\g__prg_map_int=\count103
L3 Module: l3clist 2014/08/23 v5354 L3 Comma separated lists
L3 Module: l3token 2014/09/15 v5422 L3 Experimental token manipulation
L3 Module: l3prop 2014/08/23 v5354 L3 Property lists
L3 Module: l3msg 2015/02/26 v5537 L3 Messages
L3 Module: l3file 2014/08/24 v5369 L3 File and I/O operations
\l_iow_line_count_int=\count104
\l__iow_target_count_int=\count105
\l__iow_current_line_int=\count106
\l__iow_current_word_int=\count107
\l__iow_current_indentation_int=\count108
L3 Module: l3skip 2014/08/23 v5354 L3 Dimensions and skips
\c_zero_dim=\dimen107
\c_max_dim=\dimen108
\l_tmpa_dim=\dimen109
\l_tmpb_dim=\dimen110
\g_tmpa_dim=\dimen111
\g_tmpb_dim=\dimen112
\c_zero_skip=\skip44
\c_max_skip=\skip45
\l_tmpa_skip=\skip46
\l_tmpb_skip=\skip47
\g_tmpa_skip=\skip48
\g_tmpb_skip=\skip49
\c_zero_muskip=\muskip11
\c_max_muskip=\muskip12
\l_tmpa_muskip=\muskip13
\l_tmpb_muskip=\muskip14
\g_tmpa_muskip=\muskip15
\g_tmpb_muskip=\muskip16
L3 Module: l3keys 2015/01/27 v5500 L3 Key-value interfaces
\g__keyval_level_int=\count109
\l_keys_choice_int=\count110
L3 Module: l3fp 2014/08/22 v5336 L3 Floating points
\c__fp_leading_shift_int=\count111
\c__fp_middle_shift_int=\count112
\c__fp_trailing_shift_int=\count113
\c__fp_big_leading_shift_int=\count114
\c__fp_big_middle_shift_int=\count115
\c__fp_big_trailing_shift_int=\count116
\c__fp_Bigg_leading_shift_int=\count117
\c__fp_Bigg_middle_shift_int=\count118
\c__fp_Bigg_trailing_shift_int=\count119
L3 Module: l3box 2014/08/23 v5354 L3 Experimental boxes
\c_empty_box=\box26
\l_tmpa_box=\box27
\l_tmpb_box=\box28
\g_tmpa_box=\box29
\g_tmpb_box=\box30
L3 Module: l3coffins 2014/08/23 v5354 L3 Coffin code layer
\l__coffin_internal_box=\box31
\l__coffin_internal_dim=\dimen113
\l__coffin_offset_x_dim=\dimen114
\l__coffin_offset_y_dim=\dimen115
\l__coffin_x_dim=\dimen116
\l__coffin_y_dim=\dimen117
\l__coffin_x_prime_dim=\dimen118
\l__coffin_y_prime_dim=\dimen119
\c_empty_coffin=\box32
\l__coffin_aligned_coffin=\box33
\l__coffin_aligned_internal_coffin=\box34
\l_tmpa_coffin=\box35
\l_tmpb_coffin=\box36
\l__coffin_display_coffin=\box37
\l__coffin_display_coord_coffin=\box38
\l__coffin_display_pole_coffin=\box39
\l__coffin_display_offset_dim=\dimen120
\l__coffin_display_x_dim=\dimen121
\l__coffin_display_y_dim=\dimen122
L3 Module: l3color 2014/08/23 v5354 L3 Experimental color support
L3 Module: l3candidates 2015/03/01 v5544 L3 Experimental additions to l3kernel
\l__box_top_dim=\dimen123
\l__box_bottom_dim=\dimen124
\l__box_left_dim=\dimen125
\l__box_right_dim=\dimen126
\l__box_top_new_dim=\dimen127
\l__box_bottom_new_dim=\dimen128
\l__box_left_new_dim=\dimen129
\l__box_right_new_dim=\dimen130
\l__box_internal_box=\box40
\l__coffin_bounding_shift_dim=\dimen131
\l__coffin_left_corner_dim=\dimen132
\l__coffin_right_corner_dim=\dimen133
\l__coffin_bottom_corner_dim=\dimen134
\l__coffin_top_corner_dim=\dimen135
\l__coffin_scaled_total_height_dim=\dimen136
\l__coffin_scaled_width_dim=\dimen137
) (/usr/local/texlive/2015/texmf-dist/tex/latex/l3kernel/l3unicode-data.def
File: l3unicode-data.def 2015/03/01 v5544 L3 Unicode data
) (/usr/local/texlive/2015/texmf-dist/tex/latex/l3kernel/l3pdfmode.def
File: l3pdfmode.def 2015/03/01 v5544 L3 Experimental driver: PDF mode
\l__driver_color_stack_int=\count120
)) (/usr/local/texlive/2015/texmf-dist/tex/latex/l3packages/xparse/xparse.sty
Package: xparse 2014/11/25 v5471 L3 Experimental document command parser
\l__xparse_current_arg_int=\count121
\l__xparse_m_args_int=\count122
\l__xparse_mandatory_args_int=\count123
\l__xparse_processor_int=\count124
\l__xparse_v_nesting_int=\count125
)
Package: siunitx 2015/01/21 v2.6e A comprehensive (SI) units package
 (/usr/local/texlive/2015/texmf-dist/tex/latex/amsmath/amstext.sty
Package: amstext 2000/06/29 v2.01
 (/usr/local/texlive/2015/texmf-dist/tex/latex/amsmath/amsgen.sty
File: amsgen.sty 1999/11/30 v2.0
\@emptytoks=\toks15
\ex@=\dimen138
)) (/usr/local/texlive/2015/texmf-dist/tex/latex/tools/array.sty
Package: array 2014/10/28 v2.4c Tabular extension package (FMi)
\col@sep=\dimen139
\extrarowheight=\dimen140
\NC@list=\toks16
\extratabsurround=\skip50
\backup@length=\skip51
) (/usr/local/texlive/2015/texmf-dist/tex/latex/l3packages/l3keys2e/l3keys2e.sty
Package: l3keys2e 2014/11/25 v5471 LaTeX2e option processing using LaTeX3 keys
)
Variant \tl_if_blank:VTF already defined; not changing it on line 50
\l__siunitx_tmp_box=\box41
\l__siunitx_tmp_dim=\dimen141
\l__siunitx_tmp_int=\count126
Variant \prop_get:NVNT already defined; not changing it on line 380
Variant \prop_get:NVNF already defined; not changing it on line 381
Variant \prop_get:NVNTF already defined; not changing it on line 382
\l__siunitx_number_mantissa_length_int=\count127
\l__siunitx_number_uncert_length_int=\count128
\l__siunitx_round_int=\count129
\l__siunitx_process_decimal_int=\count130
\l__siunitx_process_uncertainty_int=\count131
\l__siunitx_process_fixed_int=\count132
\l__siunitx_process_integer_min_int=\count133
\l__siunitx_process_precision_int=\count134
\l__siunitx_group_min_int=\count135
\l__siunitx_angle_marker_box=\box42
\l__siunitx_angle_unit_box=\box43
\l__siunitx_angle_marker_dim=\dimen142
\l__siunitx_angle_unit_dim=\dimen143
\l__siunitx_unit_int=\count136
\l__siunitx_unit_denominator_int=\count137
\l__siunitx_unit_numerator_int=\count138
\l__siunitx_unit_prefix_int=\count139
\l__siunitx_unit_prefix_base_int=\count140
\l__siunitx_unit_prefix_gram_int=\count141
\l__siunitx_number_product_int=\count142
\c__siunitx_one_fill_skip=\skip52
\l__siunitx_table_unit_align_skip=\skip53
\l__siunitx_table_exponent_dim=\dimen144
\l__siunitx_table_integer_dim=\dimen145
\l__siunitx_table_mantissa_dim=\dimen146
\l__siunitx_table_marker_dim=\dimen147
\l__siunitx_table_result_dim=\dimen148
\l__siunitx_table_uncert_dim=\dimen149
\l__siunitx_table_fill_pre_dim=\dimen150
\l__siunitx_table_fill_post_dim=\dimen151
\l__siunitx_table_fill_mid_dim=\dimen152
\l__siunitx_table_pre_box=\box44
\l__siunitx_table_post_box=\box45
\l__siunitx_table_mantissa_box=\box46
\l__siunitx_table_result_box=\box47
\l__siunitx_table_number_align_skip=\skip54
\l__siunitx_table_text_align_skip=\skip55
.................................................
. LaTeX info: "xparse/define-command"
. 
. Defining command \DeclareBinaryPrefix with sig. 'mmm' on line 7176.
.................................................
.................................................
. LaTeX info: "xparse/define-command"
. 
. Defining command \DeclareSIPostPower with sig. 'mm' on line 7179.
.................................................
.................................................
. LaTeX info: "xparse/define-command"
. 
. Defining command \DeclareSIPrefix with sig. 'mmm' on line 7182.
.................................................
.................................................
. LaTeX info: "xparse/define-command"
. 
. Defining command \DeclareSIPrePower with sig. 'mm' on line 7185.
.................................................
.................................................
. LaTeX info: "xparse/define-command"
. 
. Defining command \DeclareSIQualifier with sig. 'mm' on line 7188.
.................................................
.................................................
. LaTeX info: "xparse/define-command"
. 
. Defining command \DeclareSIUnit with sig. 'O{}mm' on line 7191.
.................................................
.................................................
. LaTeX info: "xparse/define-command"
. 
. Defining command \DeclareSIUnitWithOptions with sig. 'mmm' on line 7194.
.................................................
.................................................
. LaTeX info: "xparse/define-command"
. 
. Defining command \ang with sig. 'o>{\SplitArgument {2}{;}}m' on line 7209.
.................................................
.................................................
. LaTeX info: "xparse/define-command"
. 
. Defining command \num with sig. 'om' on line 7217.
.................................................
.................................................
. LaTeX info: "xparse/define-command"
. 
. Defining command \numlist with sig. 'o>{\SplitList {;}}m' on line 7225.
.................................................
.................................................
. LaTeX info: "xparse/define-command"
. 
. Defining command \numrange with sig. 'omm' on line 7233.
.................................................
.................................................
. LaTeX info: "xparse/define-command"
. 
. Defining command \SIlist with sig. 'o>{\SplitList {;}}mm' on line 7244.
.................................................
.................................................
. LaTeX info: "xparse/define-command"
. 
. Defining command \SIrange with sig. 'ommm' on line 7255.
.................................................
.................................................
. LaTeX info: "xparse/define-command"
. 
. Defining command \SI with sig. 'omom' on line 7266.
.................................................
.................................................
. LaTeX info: "xparse/define-command"
. 
. Defining command \sisetup with sig. 'm' on line 7269.
.................................................
.................................................
. LaTeX info: "xparse/define-command"
. 
. Defining command \tablenum with sig. 'om' on line 7281.
.................................................
.................................................
. LaTeX info: "xparse/define-command"
. 
. Defining command \si with sig. 'om' on line 7292.
.................................................
.................................................
. LaTeX info: "xparse/define-command"
. 
. Defining command \__siunitx_bookmark_num:w with sig. 'om' on line 7339.
.................................................
.................................................
. LaTeX info: "xparse/define-command"
. 
. Defining command \__siunitx_bookmark_numrange:w with sig. 'omm' on line
. 7341.
.................................................
.................................................
. LaTeX info: "xparse/define-command"
. 
. Defining command \__siunitx_bookmark_SI:w with sig. 'omom' on line 7343.
.................................................
.................................................
. LaTeX info: "xparse/define-command"
. 
. Defining command \__siunitx_bookmark_SIlist:w with sig. 'omm' on line 7345.
.................................................
.................................................
. LaTeX info: "xparse/define-command"
. 
. Defining command \__siunitx_bookmark_SIrange:w with sig. 'ommm' on line
. 7347.
.................................................
.................................................
. LaTeX info: "xparse/define-command"
. 
. Defining command \__siunitx_bookmark_si:w with sig. 'om' on line 7348.
.................................................
\g__file_internal_ior=\read1
 (/usr/local/texlive/2015/texmf-dist/tex/latex/beamer/translator/translator.sty
Package: translator 2010/06/12 ver 1.10

(/usr/local/texlive/2015/texmf-dist/tex/latex/beamer/translator/translator-language-mappings.tex))) (/usr/local/texlive/2015/texmf-dist/tex/latex/setspace/setspace.sty
Package: setspace 2011/12/19 v6.7a set line spacing
) (/usr/local/texlive/2015/texmf-dist/tex/latex/fancyhdr/fancyhdr.sty
\fancy@headwidth=\skip56
\f@ncyO@elh=\skip57
\f@ncyO@erh=\skip58
\f@ncyO@olh=\skip59
\f@ncyO@orh=\skip60
\f@ncyO@elf=\skip61
\f@ncyO@erf=\skip62
\f@ncyO@olf=\skip63
\f@ncyO@orf=\skip64
) (/usr/local/texlive/2015/texmf-dist/tex/latex/amsmath/amsmath.sty
Package: amsmath 2013/01/14 v2.14 AMS math features
\@mathmargin=\skip65

For additional information on amsmath, use the `?' option.
(/usr/local/texlive/2015/texmf-dist/tex/latex/amsmath/amsbsy.sty
Package: amsbsy 1999/11/29 v1.2d
\pmbraise@=\dimen153
) (/usr/local/texlive/2015/texmf-dist/tex/latex/amsmath/amsopn.sty
Package: amsopn 1999/12/14 v2.01 operator names
)
\inf@bad=\count143
LaTeX Info: Redefining \frac on input line 210.
\uproot@=\count144
\leftroot@=\count145
LaTeX Info: Redefining \overline on input line 306.
\classnum@=\count146
\DOTSCASE@=\count147
LaTeX Info: Redefining \ldots on input line 378.
LaTeX Info: Redefining \dots on input line 381.
LaTeX Info: Redefining \cdots on input line 466.
\Mathstrutbox@=\box48
\strutbox@=\box49
\big@size=\dimen154
LaTeX Font Info:    Redeclaring font encoding OML on input line 566.
LaTeX Font Info:    Redeclaring font encoding OMS on input line 567.
\macc@depth=\count148
\c@MaxMatrixCols=\count149
\dotsspace@=\muskip17
\c@parentequation=\count150
\dspbrk@lvl=\count151
\tag@help=\toks17
\row@=\count152
\column@=\count153
\maxfields@=\count154
\andhelp@=\toks18
\eqnshift@=\dimen155
\alignsep@=\dimen156
\tagshift@=\dimen157
\tagwidth@=\dimen158
\totwidth@=\dimen159
\lineht@=\dimen160
\@envbody=\toks19
\multlinegap=\skip66
\multlinetaggap=\skip67
\mathdisplay@stack=\toks20
LaTeX Info: Redefining \[ on input line 2665.
LaTeX Info: Redefining \] on input line 2666.
) (/usr/local/texlive/2015/texmf-dist/tex/latex/multirow/multirow.sty
\bigstrutjot=\dimen161
) (/usr/local/texlive/2015/texmf-dist/tex/latex/graphics/graphicx.sty
Package: graphicx 2014/10/28 v1.0g Enhanced LaTeX Graphics (DPC,SPQR)
 (/usr/local/texlive/2015/texmf-dist/tex/latex/graphics/graphics.sty
Package: graphics 2014/10/28 v1.0p Standard LaTeX Graphics (DPC,SPQR)
 (/usr/local/texlive/2015/texmf-dist/tex/latex/graphics/trig.sty
Package: trig 1999/03/16 v1.09 sin cos tan (DPC)
) (/usr/local/texlive/2015/texmf-dist/tex/latex/latexconfig/graphics.cfg
File: graphics.cfg 2010/04/23 v1.9 graphics configuration of TeX Live
)
Package graphics Info: Driver file: pdftex.def on input line 94.
 (/usr/local/texlive/2015/texmf-dist/tex/latex/pdftex-def/pdftex.def
File: pdftex.def 2011/05/27 v0.06d Graphics/color for pdfTeX
\Gread@gobject=\count155
))
\Gin@req@height=\dimen162
\Gin@req@width=\dimen163
) (/usr/local/texlive/2015/texmf-dist/tex/latex/natbib/natbib.sty
Package: natbib 2010/09/13 8.31b (PWD, AO)
\bibhang=\skip68
\bibsep=\skip69
LaTeX Info: Redefining \cite on input line 694.
\c@NAT@ctr=\count156
) (/usr/local/texlive/2015/texmf-dist/tex/latex/pdfpages/pdfpages.sty
Package: pdfpages 2015/05/11 v0.4x Insert pages of external PDF documents (AM)
 (/usr/local/texlive/2015/texmf-dist/tex/latex/base/ifthen.sty
Package: ifthen 2014/09/29 v1.1c Standard LaTeX ifthen package (DPC)
) (/usr/local/texlive/2015/texmf-dist/tex/latex/tools/calc.sty
Package: calc 2014/10/28 v4.3 Infix arithmetic (KKT,FJ)
\calc@Acount=\count157
\calc@Bcount=\count158
\calc@Adimen=\dimen164
\calc@Bdimen=\dimen165
\calc@Askip=\skip70
\calc@Bskip=\skip71
LaTeX Info: Redefining \setlength on input line 80.
LaTeX Info: Redefining \addtolength on input line 81.
\calc@Ccount=\count159
\calc@Cskip=\skip72
) (/usr/local/texlive/2015/texmf-dist/tex/latex/eso-pic/eso-pic.sty
Package: eso-pic 2015/04/20 v2.0e eso-pic (RN)
 (/usr/local/texlive/2015/texmf-dist/tex/latex/xcolor/xcolor.sty
Package: xcolor 2007/01/21 v2.11 LaTeX color extensions (UK)

(/usr/local/texlive/2015/texmf-dist/tex/latex/latexconfig/color.cfg
File: color.cfg 2007/01/18 v1.5 color configuration of teTeX/TeXLive
)
Package xcolor Info: Driver file: pdftex.def on input line 225.
Package xcolor Info: Model `cmy' substituted by `cmy0' on input line 1337.
Package xcolor Info: Model `hsb' substituted by `rgb' on input line 1341.
Package xcolor Info: Model `RGB' extended on input line 1353.
Package xcolor Info: Model `HTML' substituted by `rgb' on input line 1355.
Package xcolor Info: Model `Hsb' substituted by `hsb' on input line 1356.
Package xcolor Info: Model `tHsb' substituted by `hsb' on input line 1357.
Package xcolor Info: Model `HSB' substituted by `hsb' on input line 1358.
Package xcolor Info: Model `Gray' substituted by `gray' on input line 1359.
Package xcolor Info: Model `wave' substituted by `hsb' on input line 1360.
))
\AM@pagewidth=\dimen166
\AM@pageheight=\dimen167
 (/usr/local/texlive/2015/texmf-dist/tex/latex/pdfpages/pppdftex.def
File: pppdftex.def 2015/05/11 v0.4x Pdfpages driver for pdfTeX (AM)
)
\AM@pagebox=\box50
\AM@toc@title=\toks21
\c@AM@survey=\count160
\AM@templatesizebox=\box51
) (/usr/local/texlive/2015/texmf-dist/tex/latex/hyperref/nameref.sty
Package: nameref 2012/10/27 v2.43 Cross-referencing by name of section
 (/usr/local/texlive/2015/texmf-dist/tex/generic/oberdiek/gettitlestring.sty
Package: gettitlestring 2010/12/03 v1.4 Cleanup title references (HO)
)
\c@section@level=\count161
) (/usr/local/texlive/2015/texmf-dist/tex/latex/float/float.sty
Package: float 2001/11/08 v1.3d Float enhancements (AL)
\c@float@type=\count162
\float@exts=\toks22
\float@box=\box52
\@float@everytoks=\toks23
\@floatcapt=\box53
) (/usr/local/texlive/2015/texmf-dist/tex/latex/caption/caption.sty
Package: caption 2013/05/02 v3.3-89 Customizing captions (AR)
 (/usr/local/texlive/2015/texmf-dist/tex/latex/caption/caption3.sty
Package: caption3 2013/05/02 v1.6-88 caption3 kernel (AR)
Package caption3 Info: TeX engine: e-TeX on input line 57.
\captionmargin=\dimen168
\captionmargin@=\dimen169
\captionwidth=\dimen170
\caption@tempdima=\dimen171
\caption@indent=\dimen172
\caption@parindent=\dimen173
\caption@hangindent=\dimen174
)
\c@ContinuedFloat=\count163
Package caption Info: float package is loaded.
Package caption Info: hyperref package is loaded.
) (/usr/local/texlive/2015/texmf-dist/tex/latex/caption/subcaption.sty
Package: subcaption 2013/02/03 v1.1-62 Sub-captions (AR)
\c@subfigure=\count164
\c@subtable=\count165
) (/usr/local/texlive/2015/texmf-dist/tex/latex/wrapfig/wrapfig.sty
\wrapoverhang=\dimen175
\WF@size=\dimen176
\c@WF@wrappedlines=\count166
\WF@box=\box54
\WF@everypar=\toks24
Package: wrapfig 2003/01/31  v 3.6
)
\@float@every@figure=\toks25
 (/usr/local/texlive/2015/texmf-dist/tex/latex/placeins/placeins.sty
Package: placeins 2005/04/18  v 2.2
) (/usr/local/texlive/2015/texmf-dist/tex/latex/tocbibind/tocbibind.sty
Package: tocbibind 2010/10/13 v1.5k extra ToC listings
Package tocbibind Info: The document has chapter divisions on input line 50.


Package tocbibind Note: Using chapter style headings, unless overridden.

) (/usr/local/texlive/2015/texmf-dist/tex/latex/standalone/standalone.sty
Package: standalone 2012/09/15 v1.1b Package to include TeX sub-files with preambles
 (/usr/local/texlive/2015/texmf-dist/tex/latex/xkeyval/xkeyval.sty
Package: xkeyval 2014/12/03 v2.7a package option processing (HA)
 (/usr/local/texlive/2015/texmf-dist/tex/generic/xkeyval/xkeyval.tex (/usr/local/texlive/2015/texmf-dist/tex/generic/xkeyval/xkvutils.tex
\XKV@toks=\toks26
\XKV@tempa@toks=\toks27
)
\XKV@depth=\count167
File: xkeyval.tex 2014/12/03 v2.7a key=value parser (HA)
)) (/usr/local/texlive/2015/texmf-dist/tex/latex/currfile/currfile.sty
Package: currfile 2013/02/01 v0.7b Provides the file path elements of the current input file
 (/usr/local/texlive/2015/texmf-dist/tex/latex/filehook/filehook.sty
Package: filehook 2011/10/12 v0.5d Hooks for input files
)
\c@currfiledepth=\count168
) (/usr/local/texlive/2015/texmf-dist/tex/latex/gincltex/gincltex.sty (/usr/local/texlive/2015/texmf-dist/tex/latex/svn-prov/svn-prov.sty
Package: svn-prov 2010/04/24 v3.1862 Package Date/Version from SVN Keywords
)
Package: gincltex 2011/09/04 v0.3 Include external LaTeX files like graphics
 (/usr/local/texlive/2015/texmf-dist/tex/latex/adjustbox/adjustbox.sty
Package: adjustbox 2012/05/21 v1.0 Adjusting TeX boxes (trim, clip, ...)
 (/usr/local/texlive/2015/texmf-dist/tex/latex/adjustbox/adjcalc.sty
Package: adjcalc 2012/05/16 v1.1 Provides advanced setlength with multiple back-ends (calc, etex, pgfmath)
) (/usr/local/texlive/2015/texmf-dist/tex/latex/adjustbox/trimclip.sty
Package: trimclip 2012/05/16 v1.0 Trim and clip general TeX material
 (/usr/local/texlive/2015/texmf-dist/tex/latex/collectbox/collectbox.sty
Package: collectbox 2012/05/17 v0.4b Collect macro arguments as boxes
\collectedbox=\box55
)
\tc@llx=\dimen177
\tc@lly=\dimen178
\tc@urx=\dimen179
\tc@ury=\dimen180
Package trimclip Info: Using driver 'tc-pdftex.def'.
 (/usr/local/texlive/2015/texmf-dist/tex/latex/adjustbox/tc-pdftex.def
File: tc-pdftex.def 2012/05/13 v1.0 Clipping driver for pdftex
))
\adjbox@Width=\dimen181
\adjbox@Height=\dimen182
\adjbox@Depth=\dimen183
\adjbox@Totalheight=\dimen184
 (/usr/local/texlive/2015/texmf-dist/tex/latex/ifoddpage/ifoddpage.sty
Package: ifoddpage 2011/09/13 v1.0 Conditionals for odd/even page detection
\c@checkoddpage=\count169
)
(/usr/local/texlive/2015/texmf-dist/tex/latex/varwidth/varwidth.sty
Package: varwidth 2009/03/30 ver 0.92;  Variable-width minipages
\@vwid@box=\box56
\sift@deathcycles=\count170
\@vwid@loff=\dimen185
\@vwid@roff=\dimen186
))
\gincltex@box=\box57
) (/usr/local/texlive/2015/texmf-dist/tex/latex/filemod/filemod-expmin.sty
Package: filemod-expmin 2011/09/19 v1.2 Get and compare file modification times (expandable; minimal)
)) (/usr/local/texlive/2015/texmf-dist/tex/latex/todonotes/todonotes.sty
Package: todonotes 2012/07/25 .dtx Todonotes source and documentation.
Package: todonotes 2012/07/25
 (/usr/local/texlive/2015/texmf-dist/tex/latex/pgf/frontendlayer/tikz.sty (/usr/local/texlive/2015/texmf-dist/tex/latex/pgf/basiclayer/pgf.sty (/usr/local/texlive/2015/texmf-dist/tex/latex/pgf/utilities/pgfrcs.sty (/usr/local/texlive/2015/texmf-dist/tex/generic/pgf/utilities/pgfutil-common.tex
\pgfutil@everybye=\toks28
\pgfutil@tempdima=\dimen187
\pgfutil@tempdimb=\dimen188
 (/usr/local/texlive/2015/texmf-dist/tex/generic/pgf/utilities/pgfutil-common-lists.tex)) (/usr/local/texlive/2015/texmf-dist/tex/generic/pgf/utilities/pgfutil-latex.def
\pgfutil@abb=\box58
 (/usr/local/texlive/2015/texmf-dist/tex/latex/ms/everyshi.sty
Package: everyshi 2001/05/15 v3.00 EveryShipout Package (MS)
)) (/usr/local/texlive/2015/texmf-dist/tex/generic/pgf/utilities/pgfrcs.code.tex
Package: pgfrcs 2013/12/20 v3.0.0 (rcs-revision 1.28)
))
Package: pgf 2013/12/18 v3.0.0 (rcs-revision 1.14)
 (/usr/local/texlive/2015/texmf-dist/tex/latex/pgf/basiclayer/pgfcore.sty (/usr/local/texlive/2015/texmf-dist/tex/latex/pgf/systemlayer/pgfsys.sty
(/usr/local/texlive/2015/texmf-dist/tex/generic/pgf/systemlayer/pgfsys.code.tex
Package: pgfsys 2013/11/30 v3.0.0 (rcs-revision 1.47)
 (/usr/local/texlive/2015/texmf-dist/tex/generic/pgf/utilities/pgfkeys.code.tex
\pgfkeys@pathtoks=\toks29
\pgfkeys@temptoks=\toks30
 (/usr/local/texlive/2015/texmf-dist/tex/generic/pgf/utilities/pgfkeysfiltered.code.tex
\pgfkeys@tmptoks=\toks31
))
\pgf@x=\dimen189
\pgf@y=\dimen190
\pgf@xa=\dimen191
\pgf@ya=\dimen192
\pgf@xb=\dimen193
\pgf@yb=\dimen194
\pgf@xc=\dimen195
\pgf@yc=\dimen196
\w@pgf@writea=\write3
\r@pgf@reada=\read2
\c@pgf@counta=\count171
\c@pgf@countb=\count172
\c@pgf@countc=\count173
\c@pgf@countd=\count174
\t@pgf@toka=\toks32
\t@pgf@tokb=\toks33
\t@pgf@tokc=\toks34
 (/usr/local/texlive/2015/texmf-dist/tex/generic/pgf/systemlayer/pgf.cfg
File: pgf.cfg 2008/05/14  (rcs-revision 1.7)
)
Driver file for pgf: pgfsys-pdftex.def
 (/usr/local/texlive/2015/texmf-dist/tex/generic/pgf/systemlayer/pgfsys-pdftex.def
File: pgfsys-pdftex.def 2013/07/18  (rcs-revision 1.33)
 (/usr/local/texlive/2015/texmf-dist/tex/generic/pgf/systemlayer/pgfsys-common-pdf.def
File: pgfsys-common-pdf.def 2013/10/10  (rcs-revision 1.13)
))) (/usr/local/texlive/2015/texmf-dist/tex/generic/pgf/systemlayer/pgfsyssoftpath.code.tex
File: pgfsyssoftpath.code.tex 2013/09/09  (rcs-revision 1.9)
\pgfsyssoftpath@smallbuffer@items=\count175
\pgfsyssoftpath@bigbuffer@items=\count176
) (/usr/local/texlive/2015/texmf-dist/tex/generic/pgf/systemlayer/pgfsysprotocol.code.tex
File: pgfsysprotocol.code.tex 2006/10/16  (rcs-revision 1.4)
)) (/usr/local/texlive/2015/texmf-dist/tex/generic/pgf/basiclayer/pgfcore.code.tex
Package: pgfcore 2010/04/11 v3.0.0 (rcs-revision 1.7)
 (/usr/local/texlive/2015/texmf-dist/tex/generic/pgf/math/pgfmath.code.tex (/usr/local/texlive/2015/texmf-dist/tex/generic/pgf/math/pgfmathcalc.code.tex (/usr/local/texlive/2015/texmf-dist/tex/generic/pgf/math/pgfmathutil.code.tex)
(/usr/local/texlive/2015/texmf-dist/tex/generic/pgf/math/pgfmathparser.code.tex
\pgfmath@dimen=\dimen197
\pgfmath@count=\count177
\pgfmath@box=\box59
\pgfmath@toks=\toks35
\pgfmath@stack@operand=\toks36
\pgfmath@stack@operation=\toks37
) (/usr/local/texlive/2015/texmf-dist/tex/generic/pgf/math/pgfmathfunctions.code.tex (/usr/local/texlive/2015/texmf-dist/tex/generic/pgf/math/pgfmathfunctions.basic.code.tex) (/usr/local/texlive/2015/texmf-dist/tex/generic/pgf/math/pgfmathfunctions.trigonometric.code.tex) (/usr/local/texlive/2015/texmf-dist/tex/generic/pgf/math/pgfmathfunctions.random.code.tex) (/usr/local/texlive/2015/texmf-dist/tex/generic/pgf/math/pgfmathfunctions.comparison.code.tex) (/usr/local/texlive/2015/texmf-dist/tex/generic/pgf/math/pgfmathfunctions.base.code.tex) (/usr/local/texlive/2015/texmf-dist/tex/generic/pgf/math/pgfmathfunctions.round.code.tex) (/usr/local/texlive/2015/texmf-dist/tex/generic/pgf/math/pgfmathfunctions.misc.code.tex) (/usr/local/texlive/2015/texmf-dist/tex/generic/pgf/math/pgfmathfunctions.integerarithmetics.code.tex))) (/usr/local/texlive/2015/texmf-dist/tex/generic/pgf/math/pgfmathfloat.code.tex
\c@pgfmathroundto@lastzeros=\count178
))
(/usr/local/texlive/2015/texmf-dist/tex/generic/pgf/basiclayer/pgfcorepoints.code.tex
File: pgfcorepoints.code.tex 2013/10/07  (rcs-revision 1.27)
\pgf@picminx=\dimen198
\pgf@picmaxx=\dimen199
\pgf@picminy=\dimen200
\pgf@picmaxy=\dimen201
\pgf@pathminx=\dimen202
\pgf@pathmaxx=\dimen203
\pgf@pathminy=\dimen204
\pgf@pathmaxy=\dimen205
\pgf@xx=\dimen206
\pgf@xy=\dimen207
\pgf@yx=\dimen208
\pgf@yy=\dimen209
\pgf@zx=\dimen210
\pgf@zy=\dimen211
) (/usr/local/texlive/2015/texmf-dist/tex/generic/pgf/basiclayer/pgfcorepathconstruct.code.tex
File: pgfcorepathconstruct.code.tex 2013/10/07  (rcs-revision 1.29)
\pgf@path@lastx=\dimen212
\pgf@path@lasty=\dimen213
) (/usr/local/texlive/2015/texmf-dist/tex/generic/pgf/basiclayer/pgfcorepathusage.code.tex
File: pgfcorepathusage.code.tex 2013/12/13  (rcs-revision 1.23)
\pgf@shorten@end@additional=\dimen214
\pgf@shorten@start@additional=\dimen215
) (/usr/local/texlive/2015/texmf-dist/tex/generic/pgf/basiclayer/pgfcorescopes.code.tex
File: pgfcorescopes.code.tex 2013/10/09  (rcs-revision 1.44)
\pgfpic=\box60
\pgf@hbox=\box61
\pgf@layerbox@main=\box62
\pgf@picture@serial@count=\count179
) (/usr/local/texlive/2015/texmf-dist/tex/generic/pgf/basiclayer/pgfcoregraphicstate.code.tex
File: pgfcoregraphicstate.code.tex 2013/09/19  (rcs-revision 1.11)
\pgflinewidth=\dimen216
) (/usr/local/texlive/2015/texmf-dist/tex/generic/pgf/basiclayer/pgfcoretransformations.code.tex
File: pgfcoretransformations.code.tex 2013/10/10  (rcs-revision 1.17)
\pgf@pt@x=\dimen217
\pgf@pt@y=\dimen218
\pgf@pt@temp=\dimen219
) (/usr/local/texlive/2015/texmf-dist/tex/generic/pgf/basiclayer/pgfcorequick.code.tex
File: pgfcorequick.code.tex 2008/10/09  (rcs-revision 1.3)
) (/usr/local/texlive/2015/texmf-dist/tex/generic/pgf/basiclayer/pgfcoreobjects.code.tex
File: pgfcoreobjects.code.tex 2006/10/11  (rcs-revision 1.2)
) (/usr/local/texlive/2015/texmf-dist/tex/generic/pgf/basiclayer/pgfcorepathprocessing.code.tex
File: pgfcorepathprocessing.code.tex 2013/09/09  (rcs-revision 1.9)
) (/usr/local/texlive/2015/texmf-dist/tex/generic/pgf/basiclayer/pgfcorearrows.code.tex
File: pgfcorearrows.code.tex 2013/11/07  (rcs-revision 1.40)
\pgfarrowsep=\dimen220
) (/usr/local/texlive/2015/texmf-dist/tex/generic/pgf/basiclayer/pgfcoreshade.code.tex
File: pgfcoreshade.code.tex 2013/07/15  (rcs-revision 1.15)
\pgf@max=\dimen221
\pgf@sys@shading@range@num=\count180
)
(/usr/local/texlive/2015/texmf-dist/tex/generic/pgf/basiclayer/pgfcoreimage.code.tex
File: pgfcoreimage.code.tex 2013/07/15  (rcs-revision 1.18)
 (/usr/local/texlive/2015/texmf-dist/tex/generic/pgf/basiclayer/pgfcoreexternal.code.tex
File: pgfcoreexternal.code.tex 2013/07/15  (rcs-revision 1.20)
\pgfexternal@startupbox=\box63
)) (/usr/local/texlive/2015/texmf-dist/tex/generic/pgf/basiclayer/pgfcorelayers.code.tex
File: pgfcorelayers.code.tex 2013/07/18  (rcs-revision 1.7)
) (/usr/local/texlive/2015/texmf-dist/tex/generic/pgf/basiclayer/pgfcoretransparency.code.tex
File: pgfcoretransparency.code.tex 2013/09/30  (rcs-revision 1.5)
) (/usr/local/texlive/2015/texmf-dist/tex/generic/pgf/basiclayer/pgfcorepatterns.code.tex
File: pgfcorepatterns.code.tex 2013/11/07  (rcs-revision 1.5)
))) (/usr/local/texlive/2015/texmf-dist/tex/generic/pgf/modules/pgfmoduleshapes.code.tex
File: pgfmoduleshapes.code.tex 2013/10/31  (rcs-revision 1.34)
\pgfnodeparttextbox=\box64
) (/usr/local/texlive/2015/texmf-dist/tex/generic/pgf/modules/pgfmoduleplot.code.tex
File: pgfmoduleplot.code.tex 2013/07/31  (rcs-revision 1.12)
) (/usr/local/texlive/2015/texmf-dist/tex/latex/pgf/compatibility/pgfcomp-version-0-65.sty
Package: pgfcomp-version-0-65 2007/07/03 v3.0.0 (rcs-revision 1.7)
\pgf@nodesepstart=\dimen222
\pgf@nodesepend=\dimen223
) (/usr/local/texlive/2015/texmf-dist/tex/latex/pgf/compatibility/pgfcomp-version-1-18.sty
Package: pgfcomp-version-1-18 2007/07/23 v3.0.0 (rcs-revision 1.1)
)) (/usr/local/texlive/2015/texmf-dist/tex/latex/pgf/utilities/pgffor.sty (/usr/local/texlive/2015/texmf-dist/tex/latex/pgf/utilities/pgfkeys.sty
(/usr/local/texlive/2015/texmf-dist/tex/generic/pgf/utilities/pgfkeys.code.tex)) (/usr/local/texlive/2015/texmf-dist/tex/latex/pgf/math/pgfmath.sty (/usr/local/texlive/2015/texmf-dist/tex/generic/pgf/math/pgfmath.code.tex)) (/usr/local/texlive/2015/texmf-dist/tex/generic/pgf/utilities/pgffor.code.tex
Package: pgffor 2013/12/13 v3.0.0 (rcs-revision 1.25)
 (/usr/local/texlive/2015/texmf-dist/tex/generic/pgf/math/pgfmath.code.tex)
\pgffor@iter=\dimen224
\pgffor@skip=\dimen225
\pgffor@stack=\toks38
\pgffor@toks=\toks39
)) (/usr/local/texlive/2015/texmf-dist/tex/generic/pgf/frontendlayer/tikz/tikz.code.tex
Package: tikz 2013/12/13 v3.0.0 (rcs-revision 1.142)
 (/usr/local/texlive/2015/texmf-dist/tex/generic/pgf/libraries/pgflibraryplothandlers.code.tex
File: pgflibraryplothandlers.code.tex 2013/08/31 v3.0.0 (rcs-revision 1.20)
\pgf@plot@mark@count=\count181
\pgfplotmarksize=\dimen226
)
\tikz@lastx=\dimen227
\tikz@lasty=\dimen228
\tikz@lastxsaved=\dimen229
\tikz@lastysaved=\dimen230
\tikzleveldistance=\dimen231
\tikzsiblingdistance=\dimen232
\tikz@figbox=\box65
\tikz@figbox@bg=\box66
\tikz@tempbox=\box67
\tikz@tempbox@bg=\box68
\tikztreelevel=\count182
\tikznumberofchildren=\count183
\tikznumberofcurrentchild=\count184
\tikz@fig@count=\count185
 (/usr/local/texlive/2015/texmf-dist/tex/generic/pgf/modules/pgfmodulematrix.code.tex
File: pgfmodulematrix.code.tex 2013/09/17  (rcs-revision 1.8)
\pgfmatrixcurrentrow=\count186
\pgfmatrixcurrentcolumn=\count187
\pgf@matrix@numberofcolumns=\count188
)
\tikz@expandcount=\count189
 (/usr/local/texlive/2015/texmf-dist/tex/generic/pgf/frontendlayer/tikz/libraries/tikzlibrarytopaths.code.tex
File: tikzlibrarytopaths.code.tex 2008/06/17 v3.0.0 (rcs-revision 1.2)
))) (/usr/local/texlive/2015/texmf-dist/tex/generic/pgf/frontendlayer/tikz/libraries/tikzlibrarypositioning.code.tex
File: tikzlibrarypositioning.code.tex 2008/10/06 v3.0.0 (rcs-revision 1.7)
)
\c@@todonotes@numberoftodonotes=\count190
)) (./groupreport.sty
Package: groupreport 
 (/usr/local/texlive/2015/texmf-dist/tex/latex/glossaries/base/glossaries.sty
Package: glossaries 2015/03/16 v4.15 (NLCT)

(/usr/local/texlive/2015/texmf-dist/tex/latex/glossaries/base/mfirstuc.sty
Package: mfirstuc 2015/02/03 v1.10 (NLCT)
 (/usr/local/texlive/2015/texmf-dist/tex/latex/etoolbox/etoolbox.sty
Package: etoolbox 2015/05/04 v2.2 e-TeX tools for LaTeX (JAW)
\etb@tempcnta=\count191
)
\@glsmfirst=\toks40
\@glsmrest=\toks41
) (/usr/local/texlive/2015/texmf-dist/tex/latex/textcase/textcase.sty
Package: textcase 2004/10/07 v0.07 Text only upper/lower case changing (DPC)
) (/usr/local/texlive/2015/texmf-dist/tex/latex/xfor/xfor.sty
Package: xfor 2009/02/05 v1.05 (NLCT)
) (/usr/local/texlive/2015/texmf-dist/tex/latex/datatool/datatool-base.sty
Package: datatool-base 2014/06/10 v2.22 (NLCT)
 (/usr/local/texlive/2015/texmf-dist/tex/latex/substr/substr.sty
Package: substr 2009/10/20 v1.2 Handle substrings
\c@su@anzahl=\count192
) (/usr/local/texlive/2015/texmf-dist/tex/latex/datatool/datatool-fp.sty
Package: datatool-fp 2013/08/29 v2.17 (NLCT)
 (/usr/local/texlive/2015/texmf-dist/tex/latex/fp/fp.sty
Package: fp 1995/04/02
 `Fixed Point Package', Version 0.8, April 2, 1995 (C) Michael Mehlich (/usr/local/texlive/2015/texmf-dist/tex/latex/fp/defpattern.sty
Package: defpattern 1994/10/12
\actioncount=\count193
) (/usr/local/texlive/2015/texmf-dist/tex/latex/fp/fp-basic.sty
Package: fp-basic 1996/05/13
\FP@xs=\count194
\FP@xia=\count195
\FP@xib=\count196
\FP@xfa=\count197
\FP@xfb=\count198
\FP@rega=\count199
\FP@regb=\count200
\FP@regs=\count201
\FP@times=\count202
) (/usr/local/texlive/2015/texmf-dist/tex/latex/fp/fp-addons.sty
Package: fp-addons 1995/03/15
) (/usr/local/texlive/2015/texmf-dist/tex/latex/fp/fp-snap.sty
Package: fp-snap 1995/04/05
) (/usr/local/texlive/2015/texmf-dist/tex/latex/fp/fp-exp.sty
Package: fp-exp 1995/04/03
) (/usr/local/texlive/2015/texmf-dist/tex/latex/fp/fp-trigo.sty
Package: fp-trigo 1995/04/14
)
(/usr/local/texlive/2015/texmf-dist/tex/latex/fp/fp-pas.sty
Package: fp-pas 1994/08/29
) (/usr/local/texlive/2015/texmf-dist/tex/latex/fp/fp-random.sty
Package: fp-random 1995/02/23
\FPseed=\count203
) (/usr/local/texlive/2015/texmf-dist/tex/latex/fp/fp-eqn.sty
Package: fp-eqn 1995/04/03
) (/usr/local/texlive/2015/texmf-dist/tex/latex/fp/fp-upn.sty
Package: fp-upn 1996/10/21
) (/usr/local/texlive/2015/texmf-dist/tex/latex/fp/fp-eval.sty
Package: fp-eval 1995/04/03
)))
\@dtl@toks=\toks42
\@dtl@tmpcount=\count204
\dtl@tmplength=\skip73
\dtl@sortresult=\count205
\@dtl@numgrpsepcount=\count206
\@dtl@datatype=\count207
\dtl@codeA=\count208
\dtl@codeB=\count209
\@dtl@foreach@level=\count210
) (/usr/local/texlive/2015/texmf-dist/tex/latex/glossaries/base/glossaries-compatible-307.sty
Package: glossaries-compatible-307 2013/11/14 v4.0 (NLCT)
) (/usr/local/texlive/2015/texmf-dist/tex/latex/tracklang/tracklang.sty
Package: tracklang 2015/03/23 v1.2 (NLCT) Track Languages
 (/usr/local/texlive/2015/texmf-dist/tex/generic/tracklang/tracklang.tex)) (/usr/local/texlive/2015/texmf-dist/tex/latex/glossaries-english/glossaries-english.ldf
File: glossaries-english.ldf 2014/11/23 v1.0
)
\gls@level=\count211
\@gls@tmpb=\toks43
\gls@tmplen=\skip74
\glskeylisttok=\toks44
\glslabeltok=\toks45
\glsshorttok=\toks46
\glslongtok=\toks47
 (/usr/local/texlive/2015/texmf-dist/tex/latex/glossaries/styles/glossary-hypernav.sty
Package: glossary-hypernav 2013/11/14 v4.0 (NLCT)
) (/usr/local/texlive/2015/texmf-dist/tex/latex/glossaries/styles/glossary-list.sty
Package: glossary-list 2015/02/03 v4.13 (NLCT)
\glslistdottedwidth=\skip75
) (/usr/local/texlive/2015/texmf-dist/tex/latex/glossaries/styles/glossary-long.sty
Package: glossary-long 2013/11/14 v4.0 (NLCT)
 (/usr/local/texlive/2015/texmf-dist/tex/latex/tools/longtable.sty
Package: longtable 2014/10/28 v4.11 Multi-page Table package (DPC)
\LTleft=\skip76
\LTright=\skip77
\LTpre=\skip78
\LTpost=\skip79
\LTchunksize=\count212
\LTcapwidth=\dimen233
\LT@head=\box69
\LT@firsthead=\box70
\LT@foot=\box71
\LT@lastfoot=\box72
\LT@cols=\count213
\LT@rows=\count214
\c@LT@tables=\count215
\c@LT@chunks=\count216
\LT@p@ftn=\toks48
)
\glsdescwidth=\skip80
\glspagelistwidth=\skip81
)
(/usr/local/texlive/2015/texmf-dist/tex/latex/glossaries/styles/glossary-super.sty
Package: glossary-super 2013/11/14 v4.0 (NLCT)
 (/usr/local/texlive/2015/texmf-dist/tex/latex/supertabular/supertabular.sty
Package: supertabular 2004/02/20 v4.1e the supertabular environment
\c@tracingst=\count217
\ST@wd=\dimen256
\ST@rightskip=\skip82
\ST@leftskip=\skip83
\ST@parfillskip=\skip84
\ST@pageleft=\dimen257
\ST@headht=\dimen258
\ST@tailht=\dimen259
\ST@pagesofar=\dimen260
\ST@pboxht=\dimen261
\ST@lineht=\dimen262
\ST@stretchht=\dimen263
\ST@prevht=\dimen264
\ST@toadd=\dimen265
\ST@dimen=\dimen266
\ST@pbox=\box73
)) (/usr/local/texlive/2015/texmf-dist/tex/latex/glossaries/styles/glossary-tree.sty
Package: glossary-tree 2015/02/03 v4.13 (NLCT)
\glstreeindent=\skip85
)) (/usr/local/texlive/2015/texmf-dist/tex/latex/glossaries/styles/glossary-mcols.sty
Package: glossary-mcols 2015/02/03 v4.13 (NLCT)
 (/usr/local/texlive/2015/texmf-dist/tex/latex/tools/multicol.sty
Package: multicol 2015/03/31 v1.8m multicolumn formatting (FMi)
\c@tracingmulticols=\count218
\mult@box=\box74
\multicol@leftmargin=\dimen267
\c@unbalance=\count219
\c@collectmore=\count220
\doublecol@number=\count221
\multicoltolerance=\count222
\multicolpretolerance=\count223
\full@width=\dimen268
\page@free=\dimen269
\premulticols=\dimen270
\postmulticols=\dimen271
\multicolsep=\skip86
\multicolbaselineskip=\skip87
\partial@page=\box75
\last@line=\box76
\maxbalancingoverflow=\dimen272
\mult@rightbox=\box77
\mult@grightbox=\box78
\mult@gfirstbox=\box79
\mult@firstbox=\box80
\@tempa=\box81
\@tempa=\box82
\@tempa=\box83
\@tempa=\box84
\@tempa=\box85
\@tempa=\box86
\@tempa=\box87
\@tempa=\box88
\@tempa=\box89
\@tempa=\box90
\@tempa=\box91
\@tempa=\box92
\@tempa=\box93
\@tempa=\box94
\@tempa=\box95
\@tempa=\box96
\@tempa=\box97
\c@columnbadness=\count224
\c@finalcolumnbadness=\count225
\last@try=\dimen273
\multicolovershoot=\dimen274
\multicolundershoot=\dimen275
\mult@nat@firstbox=\box98
\colbreak@box=\box99
\mc@col@check@num=\count226
)) (./glossary.tex)) (./main.aux)
\openout1 = `main.aux'.

LaTeX Font Info:    Checking defaults for OML/cmm/m/it on input line 5.
LaTeX Font Info:    ... okay on input line 5.
LaTeX Font Info:    Checking defaults for T1/cmr/m/n on input line 5.
LaTeX Font Info:    ... okay on input line 5.
LaTeX Font Info:    Checking defaults for OT1/cmr/m/n on input line 5.
LaTeX Font Info:    ... okay on input line 5.
LaTeX Font Info:    Checking defaults for OMS/cmsy/m/n on input line 5.
LaTeX Font Info:    ... okay on input line 5.
LaTeX Font Info:    Checking defaults for OMX/cmex/m/n on input line 5.
LaTeX Font Info:    ... okay on input line 5.
LaTeX Font Info:    Checking defaults for U/cmr/m/n on input line 5.
LaTeX Font Info:    ... okay on input line 5.
LaTeX Font Info:    Checking defaults for PD1/pdf/m/n on input line 5.
LaTeX Font Info:    ... okay on input line 5.
\AtBeginShipoutBox=\box100
Package hyperref Info: Link coloring OFF on input line 5.
LaTeX Info: Redefining \ref on input line 5.
LaTeX Info: Redefining \pageref on input line 5.
LaTeX Info: Redefining \nameref on input line 5.
 (./main.out) (./main.out)
\@outlinefile=\write4
\openout4 = `main.out'.

 (/usr/local/texlive/2015/texmf-dist/tex/latex/beamer/translator/dicts/translator-basic-dictionary/translator-basic-dictionary-English.dict
Dictionary: translator-basic-dictionary, Language: English 
) (/usr/local/texlive/2015/texmf-dist/tex/latex/siunitx/siunitx-abbreviations.cfg
File: siunitx-abbreviations.cfg 2015/01/21 v2.6e siunitx: Abbreviated units
) (/usr/local/texlive/2015/texmf-dist/tex/context/base/supp-pdf.mkii
[Loading MPS to PDF converter (version 2006.09.02).]
\scratchcounter=\count227
\scratchdimen=\dimen276
\scratchbox=\box101
\nofMPsegments=\count228
\nofMParguments=\count229
\everyMPshowfont=\toks49
\MPscratchCnt=\count230
\MPscratchDim=\dimen277
\MPnumerator=\count231
\makeMPintoPDFobject=\count232
\everyMPtoPDFconversion=\toks50
) (/usr/local/texlive/2015/texmf-dist/tex/latex/oberdiek/epstopdf-base.sty
Package: epstopdf-base 2010/02/09 v2.5 Base part for package epstopdf
 (/usr/local/texlive/2015/texmf-dist/tex/latex/oberdiek/grfext.sty
Package: grfext 2010/08/19 v1.1 Manage graphics extensions (HO)
)
Package grfext Info: Graphics extension search list:
(grfext)             [.png,.pdf,.jpg,.mps,.jpeg,.jbig2,.jb2,.PNG,.PDF,.JPG,.JPEG,.JBIG2,.JB2,.eps]
(grfext)             \AppendGraphicsExtensions on input line 452.
 (/usr/local/texlive/2015/texmf-dist/tex/latex/latexconfig/epstopdf-sys.cfg
File: epstopdf-sys.cfg 2010/07/13 v1.3 Configuration of (r)epstopdf for TeX Live
))
Package caption Info: Begin \AtBeginDocument code.
Package caption Info: longtable package is loaded.
 (/usr/local/texlive/2015/texmf-dist/tex/latex/caption/ltcaption.sty
Package: ltcaption 2013/02/03 v1.3-62 longtable captions (AR)
)
Package caption Info: supertabular package is loaded.
Package caption Info: wrapfig package is loaded.
Package caption Info: End \AtBeginDocument code.
 ABD: EveryShipout initializing macros
\c__siunitx_mathsf_int=\count233
\c__siunitx_mathtt_int=\count266
 (./Sections/frontmatter.tex
Package hyperref Info: bookmark level for unknown todo defaults to 0 on input line 12.


LaTeX Warning: Reference `section 0' on page i undefined on input line 12.

[1

{/usr/local/texlive/2015/texmf-var/fonts/map/pdftex/updmap/pdftex.map}] [2] (./main.toc [3


])
\tf@toc=\write5
\openout5 = `main.toc'.

) [4] (./main.tdo

LaTeX Warning: Reference `section 0' on page v undefined on input line 1.


LaTeX Warning: Reference `section 0' on page v undefined on input line 3.

)
\tf@tdo=\write6
\openout6 = `main.tdo'.

 [5


] [6] (./Sections/acknowledgements.tex) [7


] [8

] (./Sections/executive_summary.tex

LaTeX Warning: Reference `section 0' on page ix undefined on input line 22.

) [9

] [10

] (./Sections/introduction.tex
Section 1.
<Files/sand_machine.jpg, id=307, 401.5pt x 360.34625pt>
File: Files/sand_machine.jpg Graphic file (type jpg)
 <use Files/sand_machine.jpg>
Package pdftex.def Info: Files/sand_machine.jpg used on input line 11.
(pdftex.def)             Requested size: 182.48482pt x 163.78185pt.
 <Files/sand_machine_art.jpg, id=308, 401.5pt x 383.4325pt>
File: Files/sand_machine_art.jpg Graphic file (type jpg)
 <use Files/sand_machine_art.jpg>
Package pdftex.def Info: Files/sand_machine_art.jpg used on input line 17.
(pdftex.def)             Requested size: 182.48482pt x 174.27484pt.

Underfull \hbox (badness 10000) in paragraph at lines 28--32

 []

[1

] <Files/andres_amador.jpg, id=315, 602.25pt x 602.25pt>
File: Files/andres_amador.jpg Graphic file (type jpg)
 <use Files/andres_amador.jpg>
Package pdftex.def Info: Files/andres_amador.jpg used on input line 39.
(pdftex.def)             Requested size: 182.48482pt x 182.48674pt.
 <Files/andres_amador_art.jpg, id=316, 567.11874pt x 345.29pt>
File: Files/andres_amador_art.jpg Graphic file (type jpg)
 <use Files/andres_amador_art.jpg>
Package pdftex.def Info: Files/andres_amador_art.jpg used on input line 44.
(pdftex.def)             Requested size: 182.48482pt x 111.10622pt.
 [2 <./Files/sand_machine.jpg> <./Files/sand_machine_art.jpg>]
Underfull \vbox (badness 10000) has occurred while \output is active []

 [3 <./Files/andres_amador.jpg> <./Files/andres_amador_art.jpg>]
Underfull \vbox (badness 1867) has occurred while \output is active []

 [4] <Files/beachbot.png, id=358, 538.51187pt x 366.87062pt>
File: Files/beachbot.png Graphic file (type png)
 <use Files/beachbot.png>
Package pdftex.def Info: Files/beachbot.png used on input line 76.
(pdftex.def)             Requested size: 174.37259pt x 118.79489pt.

Overfull \hbox (2.0pt too wide) in paragraph at lines 88--90
 [] 
 []

[5 <./Files/beachbot.png>] [6] <Files/valiant_roamer.pdf, id=384, 252.74355pt x 183.47815pt>
File: Files/valiant_roamer.pdf Graphic file (type pdf)
 <use Files/valiant_roamer.pdf>
Package pdftex.def Info: Files/valiant_roamer.pdf used on input line 108.
(pdftex.def)             Requested size: 174.37259pt x 126.58885pt.

Underfull \hbox (badness 1303) in paragraph at lines 110--110
\T1/cmr/m/n/10.95 age chil-dren. It is based on the
 []


Underfull \hbox (badness 1062) in paragraph at lines 110--110
\T1/cmr/m/n/10.95 Logo pro-gram-ming lan-guage. \T1/cmr/m/n/10 (Re-
 []

) (./Sections/design_outline.tex [7 <./Files/valiant_roamer.pdf>] [8

]
Section 2.

Underfull \vbox (badness 1303) has occurred while \output is active []

 [9] [10] [11] [12] [13]
Overfull \hbox (2.0pt too wide) in paragraph at lines 63--65
[]
 []


Underfull \hbox (badness 10000) in paragraph at lines 63--65

 []


Overfull \hbox (2.0pt too wide) in paragraph at lines 70--72
[]
 []


Underfull \hbox (badness 10000) in paragraph at lines 70--72

 []

[14]
Underfull \hbox (badness 10000) in paragraph at lines 83--84

 []

[15] [16]) (./Sections/design_specification.tex [17] [18

]
Section 3.
) (./Sections/summary.tex [19] [20

]
Section 4.

LaTeX Warning: Marginpar on page 21 moved.

)
Underfull \vbox (badness 1303) has occurred while \output is active []

 [21] [22] (./main.bbl
LaTeX Font Info:    Try loading font information for T1+cmtt on input line 13.
 (/usr/local/texlive/2015/texmf-dist/tex/latex/base/t1cmtt.fd
File: t1cmtt.fd 2014/09/29 v2.5h Standard LaTeX font definitions
)
Underfull \hbox (badness 1721) in paragraph at lines 9--14
[]\T1/cmr/m/n/10.95 Thia Shi Min.  A `Sand-Printing Ma-chine' That Makes Beau-ti-ful Pat-
 []


Underfull \hbox (badness 10000) in paragraph at lines 45--50
\T1/cmtt/m/n/10.95 Google-[]opens-[]year-[]long-[]Web-[]Lab-[]exhibition-[]at-[]the-[]Science-[]Museum .
 []


Underfull \hbox (badness 4582) in paragraph at lines 73--78
[]\T1/cmr/m/n/10.95 GenerationRobots.  The dif-fer-ent ways of de-ter-min-ing po-si-tion of a
 []

[23


]) [24] [25



] [26

] (./Sections/board_meeting_minutes.tex
Annex A.
<Files/boardMeetingMinutes.pdf, id=600, 597.50829pt x 845.0471pt>
File: Files/boardMeetingMinutes.pdf Graphic file (type pdf)
 <use Files/boardMeetingMinutes.pdf>
Package pdftex.def Info: Files/boardMeetingMinutes.pdf used on input line 4.
(pdftex.def)             Requested size: 597.50682pt x 845.04504pt.
File: Files/boardMeetingMinutes.pdf Graphic file (type pdf)
 <use Files/boardMeetingMinutes.pdf>
Package pdftex.def Info: Files/boardMeetingMinutes.pdf used on input line 4.
(pdftex.def)             Requested size: 597.50682pt x 845.04504pt.
 <Files/boardMeetingMinutes.pdf, id=603, page=1, 597.50829pt x 845.0471pt>
File: Files/boardMeetingMinutes.pdf Graphic file (type pdf)
 <use Files/boardMeetingMinutes.pdf, page 1>
Package pdftex.def Info: Files/boardMeetingMinutes.pdf, page1 used on input line 4.
(pdftex.def)             Requested size: 597.50682pt x 845.04504pt.
File: Files/boardMeetingMinutes.pdf Graphic file (type pdf)
 <use Files/boardMeetingMinutes.pdf, page 1>
Package pdftex.def Info: Files/boardMeetingMinutes.pdf, page1 used on input line 4.
(pdftex.def)             Requested size: 597.53416pt x 845.08372pt.
File: Files/boardMeetingMinutes.pdf Graphic file (type pdf)
 <use Files/boardMeetingMinutes.pdf, page 1>
Package pdftex.def Info: Files/boardMeetingMinutes.pdf, page1 used on input line 4.
(pdftex.def)             Requested size: 597.53416pt x 845.08372pt.
File: Files/boardMeetingMinutes.pdf Graphic file (type pdf)
 <use Files/boardMeetingMinutes.pdf, page 1>
Package pdftex.def Info: Files/boardMeetingMinutes.pdf, page1 used on input line 4.
(pdftex.def)             Requested size: 597.53416pt x 845.08372pt.
 [27

] <Files/boardMeetingMinutes.pdf, id=609, page=2, 597.50829pt x 845.0471pt>
File: Files/boardMeetingMinutes.pdf Graphic file (type pdf)
 <use Files/boardMeetingMinutes.pdf, page 2>
Package pdftex.def Info: Files/boardMeetingMinutes.pdf, page2 used on input line 4.
(pdftex.def)             Requested size: 597.53416pt x 845.08372pt.
File: Files/boardMeetingMinutes.pdf Graphic file (type pdf)
 <use Files/boardMeetingMinutes.pdf, page 2>
Package pdftex.def Info: Files/boardMeetingMinutes.pdf, page2 used on input line 4.
(pdftex.def)             Requested size: 597.53416pt x 845.08372pt.
File: Files/boardMeetingMinutes.pdf Graphic file (type pdf)
 <use Files/boardMeetingMinutes.pdf, page 1>
Package pdftex.def Info: Files/boardMeetingMinutes.pdf, page1 used on input line 4.
(pdftex.def)             Requested size: 597.53416pt x 845.08372pt.
 [28 <./Files/boardMeetingMinutes.pdf>] <Files/boardMeetingMinutes.pdf, id=635, page=3, 597.50829pt x 845.0471pt>
File: Files/boardMeetingMinutes.pdf Graphic file (type pdf)
 <use Files/boardMeetingMinutes.pdf, page 3>
Package pdftex.def Info: Files/boardMeetingMinutes.pdf, page3 used on input line 4.
(pdftex.def)             Requested size: 597.53416pt x 845.08372pt.
File: Files/boardMeetingMinutes.pdf Graphic file (type pdf)
 <use Files/boardMeetingMinutes.pdf, page 3>
Package pdftex.def Info: Files/boardMeetingMinutes.pdf, page3 used on input line 4.
(pdftex.def)             Requested size: 597.53416pt x 845.08372pt.
File: Files/boardMeetingMinutes.pdf Graphic file (type pdf)
 <use Files/boardMeetingMinutes.pdf, page 2>
Package pdftex.def Info: Files/boardMeetingMinutes.pdf, page2 used on input line 4.
(pdftex.def)             Requested size: 597.53416pt x 845.08372pt.
 [29 <./Files/boardMeetingMinutes.pdf>] <Files/boardMeetingMinutes.pdf, id=652, page=4, 597.50829pt x 845.0471pt>
File: Files/boardMeetingMinutes.pdf Graphic file (type pdf)

<use Files/boardMeetingMinutes.pdf, page 4>
Package pdftex.def Info: Files/boardMeetingMinutes.pdf, page4 used on input line 4.
(pdftex.def)             Requested size: 597.53416pt x 845.08372pt.
File: Files/boardMeetingMinutes.pdf Graphic file (type pdf)
 <use Files/boardMeetingMinutes.pdf, page 4>
Package pdftex.def Info: Files/boardMeetingMinutes.pdf, page4 used on input line 4.
(pdftex.def)             Requested size: 597.53416pt x 845.08372pt.
File: Files/boardMeetingMinutes.pdf Graphic file (type pdf)
 <use Files/boardMeetingMinutes.pdf, page 3>
Package pdftex.def Info: Files/boardMeetingMinutes.pdf, page3 used on input line 4.
(pdftex.def)             Requested size: 597.53416pt x 845.08372pt.
 [30 <./Files/boardMeetingMinutes.pdf>] <Files/boardMeetingMinutes.pdf, id=662, page=5, 597.50829pt x 845.0471pt>
File: Files/boardMeetingMinutes.pdf Graphic file (type pdf)
 <use Files/boardMeetingMinutes.pdf, page 5>
Package pdftex.def Info: Files/boardMeetingMinutes.pdf, page5 used on input line 4.
(pdftex.def)             Requested size: 597.53416pt x 845.08372pt.
File: Files/boardMeetingMinutes.pdf Graphic file (type pdf)
 <use Files/boardMeetingMinutes.pdf, page 5>
Package pdftex.def Info: Files/boardMeetingMinutes.pdf, page5 used on input line 4.
(pdftex.def)             Requested size: 597.53416pt x 845.08372pt.
File: Files/boardMeetingMinutes.pdf Graphic file (type pdf)
 <use Files/boardMeetingMinutes.pdf, page 4>
Package pdftex.def Info: Files/boardMeetingMinutes.pdf, page4 used on input line 4.
(pdftex.def)             Requested size: 597.53416pt x 845.08372pt.
 [31 <./Files/boardMeetingMinutes.pdf>] <Files/boardMeetingMinutes.pdf, id=668, page=6, 597.50829pt x 845.0471pt>
File: Files/boardMeetingMinutes.pdf Graphic file (type pdf)
 <use Files/boardMeetingMinutes.pdf, page 6>
Package pdftex.def Info: Files/boardMeetingMinutes.pdf, page6 used on input line 4.
(pdftex.def)             Requested size: 597.53416pt x 845.08372pt.
File: Files/boardMeetingMinutes.pdf Graphic file (type pdf)
 <use Files/boardMeetingMinutes.pdf, page 6>
Package pdftex.def Info: Files/boardMeetingMinutes.pdf, page6 used on input line 4.
(pdftex.def)             Requested size: 597.53416pt x 845.08372pt.
File: Files/boardMeetingMinutes.pdf Graphic file (type pdf)
 <use Files/boardMeetingMinutes.pdf, page 5>
Package pdftex.def Info: Files/boardMeetingMinutes.pdf, page5 used on input line 4.
(pdftex.def)             Requested size: 597.53416pt x 845.08372pt.
 [32 <./Files/boardMeetingMinutes.pdf>] <Files/boardMeetingMinutes.pdf, id=673, page=7, 597.50829pt x 845.0471pt>
File: Files/boardMeetingMinutes.pdf Graphic file (type pdf)
 <use Files/boardMeetingMinutes.pdf, page 7>
Package pdftex.def Info: Files/boardMeetingMinutes.pdf, page7 used on input line 4.
(pdftex.def)             Requested size: 597.53416pt x 845.08372pt.
File: Files/boardMeetingMinutes.pdf Graphic file (type pdf)
 <use Files/boardMeetingMinutes.pdf, page 7>
Package pdftex.def Info: Files/boardMeetingMinutes.pdf, page7 used on input line 4.
(pdftex.def)             Requested size: 597.53416pt x 845.08372pt.
File: Files/boardMeetingMinutes.pdf Graphic file (type pdf)
 <use Files/boardMeetingMinutes.pdf, page 6>
Package pdftex.def Info: Files/boardMeetingMinutes.pdf, page6 used on input line 4.
(pdftex.def)             Requested size: 597.53416pt x 845.08372pt.
 [33 <./Files/boardMeetingMinutes.pdf>] <Files/boardMeetingMinutes.pdf, id=680, page=8, 597.50829pt x 845.0471pt>
File: Files/boardMeetingMinutes.pdf Graphic file (type pdf)

<use Files/boardMeetingMinutes.pdf, page 8>
Package pdftex.def Info: Files/boardMeetingMinutes.pdf, page8 used on input line 4.
(pdftex.def)             Requested size: 597.53416pt x 845.08372pt.
File: Files/boardMeetingMinutes.pdf Graphic file (type pdf)
 <use Files/boardMeetingMinutes.pdf, page 8>
Package pdftex.def Info: Files/boardMeetingMinutes.pdf, page8 used on input line 4.
(pdftex.def)             Requested size: 597.53416pt x 845.08372pt.
File: Files/boardMeetingMinutes.pdf Graphic file (type pdf)
 <use Files/boardMeetingMinutes.pdf, page 7>
Package pdftex.def Info: Files/boardMeetingMinutes.pdf, page7 used on input line 4.
(pdftex.def)             Requested size: 597.53416pt x 845.08372pt.
 [34 <./Files/boardMeetingMinutes.pdf>] <Files/boardMeetingMinutes.pdf, id=685, page=9, 597.50829pt x 845.0471pt>
File: Files/boardMeetingMinutes.pdf Graphic file (type pdf)
 <use Files/boardMeetingMinutes.pdf, page 9>
Package pdftex.def Info: Files/boardMeetingMinutes.pdf, page9 used on input line 4.
(pdftex.def)             Requested size: 597.53416pt x 845.08372pt.
File: Files/boardMeetingMinutes.pdf Graphic file (type pdf)
 <use Files/boardMeetingMinutes.pdf, page 9>
Package pdftex.def Info: Files/boardMeetingMinutes.pdf, page9 used on input line 4.
(pdftex.def)             Requested size: 597.53416pt x 845.08372pt.
File: Files/boardMeetingMinutes.pdf Graphic file (type pdf)
 <use Files/boardMeetingMinutes.pdf, page 8>
Package pdftex.def Info: Files/boardMeetingMinutes.pdf, page8 used on input line 4.
(pdftex.def)             Requested size: 597.53416pt x 845.08372pt.
 [35 <./Files/boardMeetingMinutes.pdf>] <Files/boardMeetingMinutes.pdf, id=691, page=10, 597.50829pt x 845.0471pt>
File: Files/boardMeetingMinutes.pdf Graphic file (type pdf)
 <use Files/boardMeetingMinutes.pdf, page 10>
Package pdftex.def Info: Files/boardMeetingMinutes.pdf, page10 used on input line 4.
(pdftex.def)             Requested size: 597.53416pt x 845.08372pt.
File: Files/boardMeetingMinutes.pdf Graphic file (type pdf)
 <use Files/boardMeetingMinutes.pdf, page 10>
Package pdftex.def Info: Files/boardMeetingMinutes.pdf, page10 used on input line 4.
(pdftex.def)             Requested size: 597.53416pt x 845.08372pt.
File: Files/boardMeetingMinutes.pdf Graphic file (type pdf)
 <use Files/boardMeetingMinutes.pdf, page 9>
Package pdftex.def Info: Files/boardMeetingMinutes.pdf, page9 used on input line 4.
(pdftex.def)             Requested size: 597.53416pt x 845.08372pt.
 [36 <./Files/boardMeetingMinutes.pdf>] <Files/boardMeetingMinutes.pdf, id=696, page=11, 597.50829pt x 845.0471pt>
File: Files/boardMeetingMinutes.pdf Graphic file (type pdf)
 <use Files/boardMeetingMinutes.pdf, page 11>
Package pdftex.def Info: Files/boardMeetingMinutes.pdf, page11 used on input line 4.
(pdftex.def)             Requested size: 597.53416pt x 845.08372pt.
File: Files/boardMeetingMinutes.pdf Graphic file (type pdf)
 <use Files/boardMeetingMinutes.pdf, page 11>
Package pdftex.def Info: Files/boardMeetingMinutes.pdf, page11 used on input line 4.
(pdftex.def)             Requested size: 597.53416pt x 845.08372pt.
File: Files/boardMeetingMinutes.pdf Graphic file (type pdf)
 <use Files/boardMeetingMinutes.pdf, page 10>
Package pdftex.def Info: Files/boardMeetingMinutes.pdf, page10 used on input line 4.
(pdftex.def)             Requested size: 597.53416pt x 845.08372pt.
 [37 <./Files/boardMeetingMinutes.pdf>] <Files/boardMeetingMinutes.pdf, id=702, page=12, 597.50829pt x 845.0471pt>
File: Files/boardMeetingMinutes.pdf Graphic file (type pdf)

<use Files/boardMeetingMinutes.pdf, page 12>
Package pdftex.def Info: Files/boardMeetingMinutes.pdf, page12 used on input line 4.
(pdftex.def)             Requested size: 597.53416pt x 845.08372pt.
File: Files/boardMeetingMinutes.pdf Graphic file (type pdf)
 <use Files/boardMeetingMinutes.pdf, page 12>
Package pdftex.def Info: Files/boardMeetingMinutes.pdf, page12 used on input line 4.
(pdftex.def)             Requested size: 597.53416pt x 845.08372pt.
File: Files/boardMeetingMinutes.pdf Graphic file (type pdf)
 <use Files/boardMeetingMinutes.pdf, page 11>
Package pdftex.def Info: Files/boardMeetingMinutes.pdf, page11 used on input line 4.
(pdftex.def)             Requested size: 597.53416pt x 845.08372pt.
 [38 <./Files/boardMeetingMinutes.pdf>]
File: Files/boardMeetingMinutes.pdf Graphic file (type pdf)
 <use Files/boardMeetingMinutes.pdf, page 12>
Package pdftex.def Info: Files/boardMeetingMinutes.pdf, page12 used on input line 4.
(pdftex.def)             Requested size: 597.53416pt x 845.08372pt.
 [39 <./Files/boardMeetingMinutes.pdf>]) (./Sections/the_group.tex [40

]
Annex B.

Package hyperref Warning: Token not allowed in a PDF string (PDFDocEncoding):
(hyperref)                removing `math shift' on input line 1.


Package hyperref Warning: Token not allowed in a PDF string (PDFDocEncoding):
(hyperref)                removing `\cdot' on input line 1.


Package hyperref Warning: Token not allowed in a PDF string (PDFDocEncoding):
(hyperref)                removing `math shift' on input line 1.

[41] <Files/AG.png, id=721, 250.43562pt x 376.40625pt>
File: Files/AG.png Graphic file (type png)
 <use Files/AG.png>
Package pdftex.def Info: Files/AG.png used on input line 11.
(pdftex.def)             Requested size: 124.60608pt x 187.2778pt.
 <Files/LFS.png, id=722, 250.9375pt x 376.40625pt>
File: Files/LFS.png Graphic file (type png)
 <use Files/LFS.png>
Package pdftex.def Info: Files/LFS.png used on input line 17.
(pdftex.def)             Requested size: 124.85579pt x 187.2778pt.
 <Files/AH.png, id=723, 250.9375pt x 376.90813pt>
File: Files/AH.png Graphic file (type png)
 <use Files/AH.png>
Package pdftex.def Info: Files/AH.png used on input line 23.
(pdftex.def)             Requested size: 124.68349pt x 187.2778pt.
 <Files/AK.png, id=724, 251.43938pt x 375.90437pt>
File: Files/AK.png Graphic file (type png)
 <use Files/AK.png>
Package pdftex.def Info: Files/AK.png used on input line 29.
(pdftex.def)             Requested size: 125.27048pt x 187.2778pt.
 <Files/RK.png, id=725, 250.9375pt x 376.40625pt>
File: Files/RK.png Graphic file (type png)
 <use Files/RK.png>
Package pdftex.def Info: Files/RK.png used on input line 35.
(pdftex.def)             Requested size: 124.85579pt x 187.2778pt.
 <Files/CL.png, id=726, 250.9375pt x 376.90813pt>
File: Files/CL.png Graphic file (type png)
 <use Files/CL.png>
Package pdftex.def Info: Files/CL.png used on input line 41.
(pdftex.def)             Requested size: 124.68349pt x 187.2778pt.


LaTeX Warning: Float too large for page by 22.03313pt on input line 44.

<Files/AR.png, id=727, 251.43938pt x 376.90813pt>
File: Files/AR.png Graphic file (type png)
 <use Files/AR.png>
Package pdftex.def Info: Files/AR.png used on input line 50.
(pdftex.def)             Requested size: 124.93286pt x 187.2778pt.
 <Files/SSB.png, id=728, 250.9375pt x 376.40625pt>
File: Files/SSB.png Graphic file (type png)
 <use Files/SSB.png>
Package pdftex.def Info: Files/SSB.png used on input line 56.
(pdftex.def)             Requested size: 124.85579pt x 187.2778pt.
 <Files/SW.png, id=729, 251.43938pt x 376.40625pt>
File: Files/SW.png Graphic file (type png)
 <use Files/SW.png>
Package pdftex.def Info: Files/SW.png used on input line 62.
(pdftex.def)             Requested size: 125.1055pt x 187.2778pt.
 <Files/LY.png, id=730, 250.9375pt x 377.91188pt>
File: Files/LY.png Graphic file (type png)
 <use Files/LY.png>
Package pdftex.def Info: Files/LY.png used on input line 68.
(pdftex.def)             Requested size: 124.35419pt x 187.2778pt.
 <Files/MF.jpg, id=731, 166.6225pt x 250.9375pt>
File: Files/MF.jpg Graphic file (type jpg)
 <use Files/MF.jpg>
Package pdftex.def Info: Files/MF.jpg used on input line 74.
(pdftex.def)             Requested size: 124.35892pt x 187.2778pt.


LaTeX Warning: Float too large for page by 22.03313pt on input line 77.

)
Package atveryend Info: Empty hook `BeforeClearDocument' on input line 53.
 [42 <./Files/AG.png> <./Files/LFS.png> <./Files/AH.png> <./Files/AK.png> <./Files/RK.png> <./Files/CL.png>] [43 <./Files/AR.png> <./Files/SSB.png> <./Files/SW.png> <./Files/LY.png> <./Files/MF.jpg>]
Package atveryend Info: Empty hook `AfterLastShipout' on input line 53.
 (./main.aux)
Package atveryend Info: Executing hook `AtVeryEndDocument' on input line 53.
Package atveryend Info: Executing hook `AtEndAfterFileList' on input line 53.
Package rerunfilecheck Info: File `main.out' has not changed.
(rerunfilecheck)             Checksum: 1D4C51096B73B59D8A56E8075DBB274F;2120.


LaTeX Warning: There were undefined references.

Package atveryend Info: Empty hook `AtVeryVeryEnd' on input line 53.
 ) 
Here is how much of TeX's memory you used:
 32610 strings out of 493089
 635749 string characters out of 6134841
 722251 words of memory out of 5000000
 35306 multiletter control sequences out of 15000+600000
 33589 words of font info for 91 fonts, out of 8000000 for 9000
 1141 hyphenation exceptions out of 8191
 82i,18n,96p,10427b,1014s stack positions out of 5000i,500n,10000p,200000b,80000s
{/usr/local/texlive/2015/texmf-dist/fonts/enc/dvips/cm-super/cm-super-t1.enc}</usr/local/texlive/2015/texmf-dist/fonts/type1/public/amsfonts/cm/cmmi10.pfb></usr/local/texlive/2015/texmf-dist/fonts/type1/public/amsfonts/cm/cmr10.pfb></usr/local/texlive/2015/texmf-dist/fonts/type1/public/amsfonts/cm/cmr8.pfb></usr/local/texlive/2015/texmf-dist/fonts/type1/public/amsfonts/cm/cmsy10.pfb></usr/local/texlive/2015/texmf-dist/fonts/type1/public/amsfonts/cm/cmsy8.pfb></usr/local/texlive/2015/texmf-dist/fonts/type1/public/lm/lmbx10.pfb></usr/local/texlive/2015/texmf-dist/fonts/type1/public/lm/lmbx12.pfb></usr/local/texlive/2015/texmf-dist/fonts/type1/public/lm/lmbxi10.pfb></usr/local/texlive/2015/texmf-dist/fonts/type1/public/lm/lmr10.pfb></usr/local/texlive/2015/texmf-dist/fonts/type1/public/lm/lmri10.pfb></usr/local/texlive/2015/texmf-dist/fonts/type1/public/lm/lmsy10.pfb></usr/local/texlive/2015/texmf-dist/fonts/type1/public/lm/lmtt10.pfb></usr/local/texlive/2015/texmf-dist/fonts/type1/publ
ic/cm-super/sfbx1000.pfb></usr/local/texlive/2015/texmf-dist/fonts/type1/public/cm-super/sfbx1095.pfb></usr/local/texlive/2015/texmf-dist/fonts/type1/public/cm-super/sfbx1200.pfb></usr/local/texlive/2015/texmf-dist/fonts/type1/public/cm-super/sfbx1440.pfb></usr/local/texlive/2015/texmf-dist/fonts/type1/public/cm-super/sfbx2074.pfb></usr/local/texlive/2015/texmf-dist/fonts/type1/public/cm-super/sfbx2488.pfb></usr/local/texlive/2015/texmf-dist/fonts/type1/public/cm-super/sfcc1000.pfb></usr/local/texlive/2015/texmf-dist/fonts/type1/public/cm-super/sfcc1095.pfb></usr/local/texlive/2015/texmf-dist/fonts/type1/public/cm-super/sfcc1728.pfb></usr/local/texlive/2015/texmf-dist/fonts/type1/public/cm-super/sfrm0800.pfb></usr/local/texlive/2015/texmf-dist/fonts/type1/public/cm-super/sfrm1000.pfb></usr/local/texlive/2015/texmf-dist/fonts/type1/public/cm-super/sfrm1095.pfb></usr/local/texlive/2015/texmf-dist/fonts/type1/public/cm-super/sfrm1200.pfb></usr/local/texlive/2015/texmf-dist/fonts/type1/pub
lic/cm-super/sfti1000.pfb></usr/local/texlive/2015/texmf-dist/fonts/type1/public/cm-super/sfti1095.pfb></usr/local/texlive/2015/texmf-dist/fonts/type1/public/cm-super/sfti1440.pfb></usr/local/texlive/2015/texmf-dist/fonts/type1/public/cm-super/sftt1095.pfb>
Output written on main.pdf (53 pages, 6684642 bytes).
PDF statistics:
 883 PDF objects out of 1000 (max. 8388607)
 737 compressed objects within 8 object streams
 185 named destinations out of 1000 (max. 500000)
 453 words of extra memory for PDF output out of 10000 (max. 10000000)

